# JRE version: OpenJDK Runtime Environment Corretto-17.0.6.10.1 (17.0.6+10) (build 17.0.6+10-LTS)
# Java VM: OpenJDK 64-Bit Server VM Corretto-17.0.6.10.1 (17.0.6+10-LTS, mixed mode, sharing, tiered, compressed oops, compressed class ptrs, g1 gc, windows-amd64)
GC Precious Log:
 CPUs: 4 total, 4 available
 Memory: 3990M
 Large Page Support: Disabled
 NUMA Support: Disabled
 Compressed Oops: Enabled (32-bit)
 Heap Region Size: 1M
 Heap Min Capacity: 8M
 Heap Initial Capacity: 64M
 Heap Max Capacity: 998M
 Pre-touch: Disabled
 Parallel Workers: 4
 Concurrent Workers: 1
 Concurrent Refinement Workers: 4
 Periodic GC: Disabled
Heap:
 garbage-first heap   total 122880K, used 102299K [0x00000000c1a00000, 0x0000000100000000)
  region size 1024K, 72 young (73728K), 1 survivors (1024K)
 Metaspace       used 75236K, committed 76096K, reserved 1122304K
  class space    used 10015K, committed 10368K, reserved 1048576K
GC Heap History (20 events):
Event: 1122.227 GC heap before
{Heap before GC invocations=71 (full 0):
 garbage-first heap   total 74752K, used 62856K [0x00000000c1a00000, 0x0000000100000000)
  region size 1024K, 32 young (32768K), 1 survivors (1024K)
 Metaspace       used 75201K, committed 76096K, reserved 1122304K
  class space    used 10011K, committed 10368K, reserved 1048576K
}
Event: 1122.229 GC heap after
{Heap after GC invocations=72 (full 0):
 garbage-first heap   total 74752K, used 32172K [0x00000000c1a00000, 0x0000000100000000)
  region size 1024K, 1 young (1024K), 1 survivors (1024K)
 Metaspace       used 75201K, committed 76096K, reserved 1122304K
  class space    used 10011K, committed 10368K, reserved 1048576K
}
Event: 1122.400 GC heap before
{Heap before GC invocations=72 (full 0):
 garbage-first heap   total 74752K, used 34220K [0x00000000c1a00000, 0x0000000100000000)
  region size 1024K, 3 young (3072K), 1 survivors (1024K)
 Metaspace       used 75201K, committed 76096K, reserved 1122304K
  class space    used 10011K, committed 10368K, reserved 1048576K
}
Event: 1122.406 GC heap after
{Heap after GC invocations=73 (full 0):
 garbage-first heap   total 74752K, used 31892K [0x00000000c1a00000, 0x0000000100000000)
  region size 1024K, 1 young (1024K), 1 survivors (1024K)
 Metaspace       used 75201K, committed 76096K, reserved 1122304K
  class space    used 10011K, committed 10368K, reserved 1048576K
}
Event: 1126.039 GC heap before
{Heap before GC invocations=73 (full 0):
 garbage-first heap   total 74752K, used 63636K [0x00000000c1a00000, 0x0000000100000000)
  region size 1024K, 32 young (32768K), 1 survivors (1024K)
 Metaspace       used 75201K, committed 76096K, reserved 1122304K
  class space    used 10011K, committed 10368K, reserved 1048576K
}
Event: 1126.041 GC heap after
{Heap after GC invocations=74 (full 0):
 garbage-first heap   total 74752K, used 31941K [0x00000000c1a00000, 0x0000000100000000)
  region size 1024K, 1 young (1024K), 1 survivors (1024K)
 Metaspace       used 75201K, committed 76096K, reserved 1122304K
  class space    used 10011K, committed 10368K, reserved 1048576K
}
Event: 1128.650 GC heap before
{Heap before GC invocations=75 (full 0):
 garbage-first heap   total 74752K, used 62661K [0x00000000c1a00000, 0x0000000100000000)
  region size 1024K, 32 young (32768K), 1 survivors (1024K)
 Metaspace       used 75201K, committed 76096K, reserved 1122304K
  class space    used 10011K, committed 10368K, reserved 1048576K
}
Event: 1128.653 GC heap after
{Heap after GC invocations=76 (full 0):
 garbage-first heap   total 74752K, used 31956K [0x00000000c1a00000, 0x0000000100000000)
  region size 1024K, 1 young (1024K), 1 survivors (1024K)
 Metaspace       used 75201K, committed 76096K, reserved 1122304K
  class space    used 10011K, committed 10368K, reserved 1048576K
}
Event: 1128.703 GC heap before
{Heap before GC invocations=76 (full 0):
 garbage-first heap   total 74752K, used 34004K [0x00000000c1a00000, 0x0000000100000000)
  region size 1024K, 3 young (3072K), 1 survivors (1024K)
 Metaspace       used 75201K, committed 76096K, reserved 1122304K
  class space    used 10011K, committed 10368K, reserved 1048576K
}
Event: 1128.709 GC heap after
{Heap after GC invocations=77 (full 0):
 garbage-first heap   total 74752K, used 31731K [0x00000000c1a00000, 0x0000000100000000)
  region size 1024K, 1 young (1024K), 1 survivors (1024K)
 Metaspace       used 75201K, committed 76096K, reserved 1122304K
  class space    used 10011K, committed 10368K, reserved 1048576K
}
Event: 1130.070 GC heap before
{Heap before GC invocations=77 (full 0):
 garbage-first heap   total 74752K, used 63475K [0x00000000c1a00000, 0x0000000100000000)
  region size 1024K, 33 young (33792K), 1 survivors (1024K)
 Metaspace       used 75201K, committed 76096K, reserved 1122304K
  class space    used 10011K, committed 10368K, reserved 1048576K
}
Event: 1130.075 GC heap after
{Heap after GC invocations=78 (full 0):
 garbage-first heap   total 126976K, used 31847K [0x00000000c1a00000, 0x0000000100000000)
  region size 1024K, 1 young (1024K), 1 survivors (1024K)
 Metaspace       used 75201K, committed 76096K, reserved 1122304K
  class space    used 10011K, committed 10368K, reserved 1048576K
}
Event: 1132.995 GC heap before
{Heap before GC invocations=79 (full 0):
 garbage-first heap   total 122880K, used 103527K [0x00000000c1a00000, 0x0000000100000000)
  region size 1024K, 72 young (73728K), 1 survivors (1024K)
 Metaspace       used 75201K, committed 76096K, reserved 1122304K
  class space    used 10011K, committed 10368K, reserved 1048576K
}
Event: 1132.998 GC heap after
{Heap after GC invocations=80 (full 0):
 garbage-first heap   total 122880K, used 31870K [0x00000000c1a00000, 0x0000000100000000)
  region size 1024K, 1 young (1024K), 1 survivors (1024K)
 Metaspace       used 75201K, committed 76096K, reserved 1122304K
  class space    used 10011K, committed 10368K, reserved 1048576K
}
Event: 1133.140 GC heap before
{Heap before GC invocations=80 (full 0):
 garbage-first heap   total 122880K, used 36990K [0x00000000c1a00000, 0x0000000100000000)
  region size 1024K, 6 young (6144K), 1 survivors (1024K)
 Metaspace       used 75201K, committed 76096K, reserved 1122304K
  class space    used 10011K, committed 10368K, reserved 1048576K
}
Event: 1133.146 GC heap after
{Heap after GC invocations=81 (full 0):
 garbage-first heap   total 122880K, used 31632K [0x00000000c1a00000, 0x0000000100000000)
  region size 1024K, 1 young (1024K), 1 survivors (1024K)
 Metaspace       used 75201K, committed 76096K, reserved 1122304K
  class space    used 10011K, committed 10368K, reserved 1048576K
}
Event: 1136.091 GC heap before
{Heap before GC invocations=81 (full 0):
 garbage-first heap   total 122880K, used 103312K [0x00000000c1a00000, 0x0000000100000000)
  region size 1024K, 72 young (73728K), 1 survivors (1024K)
 Metaspace       used 75201K, committed 76096K, reserved 1122304K
  class space    used 10011K, committed 10368K, reserved 1048576K
}
Event: 1136.092 GC heap after
{Heap after GC invocations=82 (full 0):
 garbage-first heap   total 122880K, used 31637K [0x00000000c1a00000, 0x0000000100000000)
  region size 1024K, 1 young (1024K), 1 survivors (1024K)
 Metaspace       used 75201K, committed 76096K, reserved 1122304K
  class space    used 10011K, committed 10368K, reserved 1048576K
}
Event: 1139.788 GC heap before
{Heap before GC invocations=82 (full 0):
 garbage-first heap   total 122880K, used 104341K [0x00000000c1a00000, 0x0000000100000000)
  region size 1024K, 72 young (73728K), 1 survivors (1024K)
 Metaspace       used 75202K, committed 76096K, reserved 1122304K
  class space    used 10011K, committed 10368K, reserved 1048576K
}
Event: 1139.790 GC heap after
{Heap after GC invocations=83 (full 0):
 garbage-first heap   total 122880K, used 31643K [0x00000000c1a00000, 0x0000000100000000)
  region size 1024K, 1 young (1024K), 1 survivors (1024K)
 Metaspace       used 75202K, committed 76096K, reserved 1122304K
  class space    used 10011K, committed 10368K, reserved 1048576K
}

